<?xml version="1.0" encoding="UTF-8"?>
<testng-results skipped="0" failed="0" total="1" passed="1">
  <reporter-output>
  </reporter-output>
  <suite name="Suite" duration-ms="10445" started-at="2023-08-29T00:23:44Z" finished-at="2023-08-29T00:23:55Z">
    <groups>
    </groups>
    <test name="Test" duration-ms="10445" started-at="2023-08-29T00:23:44Z" finished-at="2023-08-29T00:23:55Z">
      <class name="testScripts.TC002AddNewCustomerTest">
        <test-method status="PASS" signature="setup()[pri:0, instance:testScripts.TC002AddNewCustomerTest@573f2bb1]" name="setup" is-config="true" duration-ms="290" started-at="2023-08-28T20:23:44Z" finished-at="2023-08-28T20:23:44Z">
          <reporter-output>
          </reporter-output>
        </test-method> <!-- setup -->
        <test-method status="PASS" signature="beforeMethod(java.lang.reflect.Method, java.lang.String)[pri:0, instance:testScripts.TC002AddNewCustomerTest@573f2bb1]" name="beforeMethod" is-config="true" duration-ms="3566" started-at="2023-08-28T20:23:44Z" finished-at="2023-08-28T20:23:48Z">
          <params>
            <param index="0">
              <value>
                <![CDATA[public void testScripts.TC002AddNewCustomerTest.addNewCustomerPage() throws java.lang.Exception]]>
              </value>
            </param>
            <param index="1">
              <value>
                <![CDATA[chrome]]>
              </value>
            </param>
          </params>
          <reporter-output>
          </reporter-output>
        </test-method> <!-- beforeMethod -->
        <test-method status="PASS" signature="addNewCustomerPage()[pri:0, instance:testScripts.TC002AddNewCustomerTest@573f2bb1]" name="addNewCustomerPage" duration-ms="5863" started-at="2023-08-28T20:23:48Z" finished-at="2023-08-28T20:23:54Z">
          <reporter-output>
          </reporter-output>
        </test-method> <!-- addNewCustomerPage -->
        <test-method status="PASS" signature="afterMethod(org.testng.ITestResult)[pri:0, instance:testScripts.TC002AddNewCustomerTest@573f2bb1]" name="afterMethod" is-config="true" duration-ms="209" started-at="2023-08-28T20:23:54Z" finished-at="2023-08-28T20:23:54Z">
          <params>
            <param index="0">
              <value>
                <![CDATA[[TestResult name=addNewCustomerPage status=SUCCESS method=TC002AddNewCustomerTest.addNewCustomerPage()[pri:0, instance:testScripts.TC002AddNewCustomerTest@573f2bb1] output={null}]]]>
              </value>
            </param>
          </params>
          <reporter-output>
          </reporter-output>
        </test-method> <!-- afterMethod -->
        <test-method status="PASS" signature="afterClass()[pri:0, instance:testScripts.TC002AddNewCustomerTest@573f2bb1]" name="afterClass" is-config="true" duration-ms="510" started-at="2023-08-28T20:23:54Z" finished-at="2023-08-28T20:23:55Z">
          <reporter-output>
          </reporter-output>
        </test-method> <!-- afterClass -->
      </class> <!-- testScripts.TC002AddNewCustomerTest -->
    </test> <!-- Test -->
  </suite> <!-- Suite -->
</testng-results>
